[debug] [2018-08-19T21:44:21.217Z] ----------------------------------------------------------------------
[debug] [2018-08-19T21:44:21.222Z] Command:       /usr/local/bin/node /usr/local/bin/firebase deploy
[debug] [2018-08-19T21:44:21.223Z] CLI Version:   3.19.3
[debug] [2018-08-19T21:44:21.223Z] Platform:      darwin
[debug] [2018-08-19T21:44:21.223Z] Node Version:  v8.11.2
[debug] [2018-08-19T21:44:21.224Z] Time:          Sun Aug 19 2018 14:44:21 GMT-0700 (PDT)
[debug] [2018-08-19T21:44:21.224Z] ----------------------------------------------------------------------
[debug] 
[debug] [2018-08-19T21:44:21.257Z] > command requires scopes: ["email","openid","https://www.googleapis.com/auth/cloudplatformprojects.readonly","https://www.googleapis.com/auth/firebase","https://www.googleapis.com/auth/cloud-platform"]
[debug] [2018-08-19T21:44:21.258Z] > authorizing via signed-in user
[debug] [2018-08-19T21:44:21.260Z] > refreshing access token with scopes: ["email","https://www.googleapis.com/auth/cloud-platform","https://www.googleapis.com/auth/cloudplatformprojects.readonly","https://www.googleapis.com/auth/firebase","openid"]
[debug] [2018-08-19T21:44:21.260Z] >>> HTTP REQUEST POST https://www.googleapis.com/oauth2/v3/token  
 { refresh_token: '1/ItvxZNFuOnruhGgPZGtzTZEjNk9wULjDT5uCE5t6TT8',
  client_id: '563584335869-fgrhgmd47bqnekij5i8b5pr03ho849e6.apps.googleusercontent.com',
  client_secret: 'j9iVZfS8kkCEFUPaAeJV0sAi',
  grant_type: 'refresh_token',
  scope: 'email https://www.googleapis.com/auth/cloud-platform https://www.googleapis.com/auth/cloudplatformprojects.readonly https://www.googleapis.com/auth/firebase openid' } 
 Sun Aug 19 2018 14:44:21 GMT-0700 (PDT)
[debug] [2018-08-19T21:44:23.644Z] <<< HTTP RESPONSE 200
[debug] [2018-08-19T21:44:23.675Z] >>> HTTP REQUEST GET https://admin.firebase.com/v1/projects/insta-tutors  
  
 Sun Aug 19 2018 14:44:23 GMT-0700 (PDT)
[debug] [2018-08-19T21:45:42.969Z] ----------------------------------------------------------------------
[debug] [2018-08-19T21:45:42.973Z] Command:       /usr/local/bin/node /usr/local/bin/firebase deploy
[debug] [2018-08-19T21:45:42.973Z] CLI Version:   3.19.3
[debug] [2018-08-19T21:45:42.973Z] Platform:      darwin
[debug] [2018-08-19T21:45:42.973Z] Node Version:  v8.11.2
[debug] [2018-08-19T21:45:42.974Z] Time:          Sun Aug 19 2018 14:45:42 GMT-0700 (PDT)
[debug] [2018-08-19T21:45:42.974Z] ----------------------------------------------------------------------
[debug] 
[debug] [2018-08-19T21:45:43.001Z] > command requires scopes: ["email","openid","https://www.googleapis.com/auth/cloudplatformprojects.readonly","https://www.googleapis.com/auth/firebase","https://www.googleapis.com/auth/cloud-platform"]
[debug] [2018-08-19T21:45:43.002Z] > authorizing via signed-in user
[debug] [2018-08-19T21:45:43.004Z] >>> HTTP REQUEST GET https://admin.firebase.com/v1/projects/insta-tutors  
  
 Sun Aug 19 2018 14:45:43 GMT-0700 (PDT)
[debug] [2018-08-19T21:45:48.067Z] <<< HTTP RESPONSE 200
[debug] [2018-08-19T21:45:48.068Z] >>> HTTP REQUEST GET https://admin.firebase.com/v1/database/insta-tutors/tokens  
  
 Sun Aug 19 2018 14:45:48 GMT-0700 (PDT)
[debug] [2018-08-19T21:45:48.557Z] <<< HTTP RESPONSE 200
[info] 
[info] === Deploying to 'insta-tutors'...
[info] 
[info] i  deploying database, hosting
[info] i  database: checking rules syntax...
[debug] [2018-08-19T21:45:51.320Z] >>> HTTP REQUEST PUT https://insta-tutors.firebaseio.com/.settings/rules.json?dryRun=true  
 {
  "rules": {
    ".read": "true",
    ".write": "true"
  }
} 
 Sun Aug 19 2018 14:45:51 GMT-0700 (PDT)
[debug] [2018-08-19T21:45:52.114Z] <<< HTTP RESPONSE 200
[info] ✔  database: rules syntax for database insta-tutors is valid
[info] i  hosting: preparing public directory for upload...
[debug] [2018-08-19T21:45:53.020Z] >>> HTTP REQUEST PUT https://deploy.firebase.com/v1/hosting/insta-tutors/uploads/-LKJ8dmgU8cTIx5cdS-f?fileCount=68&message=  
  
 Sun Aug 19 2018 14:45:53 GMT-0700 (PDT)
[debug] [2018-08-19T21:49:32.243Z] ----------------------------------------------------------------------
[debug] [2018-08-19T21:49:32.247Z] Command:       /usr/local/bin/node /usr/local/bin/firebase deploy
[debug] [2018-08-19T21:49:32.247Z] CLI Version:   3.19.3
[debug] [2018-08-19T21:49:32.247Z] Platform:      darwin
[debug] [2018-08-19T21:49:32.247Z] Node Version:  v8.11.2
[debug] [2018-08-19T21:49:32.250Z] Time:          Sun Aug 19 2018 14:49:32 GMT-0700 (PDT)
[debug] [2018-08-19T21:49:32.250Z] ----------------------------------------------------------------------
[debug] 
[debug] [2018-08-19T21:49:32.286Z] > command requires scopes: ["email","openid","https://www.googleapis.com/auth/cloudplatformprojects.readonly","https://www.googleapis.com/auth/firebase","https://www.googleapis.com/auth/cloud-platform"]
[debug] [2018-08-19T21:49:32.287Z] > authorizing via signed-in user
[debug] [2018-08-19T21:49:32.293Z] >>> HTTP REQUEST GET https://admin.firebase.com/v1/projects/insta-tutors  
  
 Sun Aug 19 2018 14:49:32 GMT-0700 (PDT)
[debug] [2018-08-19T21:49:35.006Z] <<< HTTP RESPONSE 200
[debug] [2018-08-19T21:49:35.008Z] >>> HTTP REQUEST GET https://admin.firebase.com/v1/database/insta-tutors/tokens  
  
 Sun Aug 19 2018 14:49:35 GMT-0700 (PDT)
[debug] [2018-08-19T21:49:36.555Z] <<< HTTP RESPONSE 200
[info] 
[info] === Deploying to 'insta-tutors'...
[info] 
[info] i  deploying database, hosting
[info] i  database: checking rules syntax...
[debug] [2018-08-19T21:49:39.204Z] >>> HTTP REQUEST PUT https://insta-tutors.firebaseio.com/.settings/rules.json?dryRun=true  
 {
  "rules": {
    ".read": "true",
    ".write": "true"
  }
} 
 Sun Aug 19 2018 14:49:39 GMT-0700 (PDT)
[debug] [2018-08-19T21:49:44.241Z] <<< HTTP RESPONSE 200
[info] ✔  database: rules syntax for database insta-tutors is valid
[info] i  hosting: preparing public directory for upload...
[debug] [2018-08-19T21:49:45.334Z] >>> HTTP REQUEST PUT https://deploy.firebase.com/v1/hosting/insta-tutors/uploads/-LKJ9_0KMWdPAfyNWqq9?fileCount=68&message=  
  
 Sun Aug 19 2018 14:49:45 GMT-0700 (PDT)
[debug] [2018-08-19T21:56:05.426Z] Error: write EPIPE
    at _errnoException (util.js:992:11)
    at WriteWrap.afterWrite [as oncomplete] (net.js:864:14)
[error] 
[error] Error: Server Error. write EPIPE
[debug] [2018-08-19T22:00:45.927Z] ----------------------------------------------------------------------
[debug] [2018-08-19T22:00:45.932Z] Command:       /usr/local/bin/node /usr/local/bin/firebase deploy
[debug] [2018-08-19T22:00:45.932Z] CLI Version:   3.19.3
[debug] [2018-08-19T22:00:45.932Z] Platform:      darwin
[debug] [2018-08-19T22:00:45.933Z] Node Version:  v8.11.2
[debug] [2018-08-19T22:00:45.933Z] Time:          Sun Aug 19 2018 15:00:45 GMT-0700 (PDT)
[debug] [2018-08-19T22:00:45.933Z] ----------------------------------------------------------------------
[debug] 
[debug] [2018-08-19T22:00:45.967Z] > command requires scopes: ["email","openid","https://www.googleapis.com/auth/cloudplatformprojects.readonly","https://www.googleapis.com/auth/firebase","https://www.googleapis.com/auth/cloud-platform"]
[debug] [2018-08-19T22:00:45.969Z] > authorizing via signed-in user
[debug] [2018-08-19T22:00:45.974Z] >>> HTTP REQUEST GET https://admin.firebase.com/v1/projects/insta-tutors  
  
 Sun Aug 19 2018 15:00:45 GMT-0700 (PDT)
[debug] [2018-08-19T22:01:00.367Z] <<< HTTP RESPONSE 200
[debug] [2018-08-19T22:01:00.370Z] >>> HTTP REQUEST GET https://admin.firebase.com/v1/database/insta-tutors/tokens  
  
 Sun Aug 19 2018 15:01:00 GMT-0700 (PDT)
[debug] [2018-08-19T22:01:03.375Z] <<< HTTP RESPONSE 200
[info] 
[info] === Deploying to 'insta-tutors'...
[info] 
[info] i  deploying database, hosting
[info] i  database: checking rules syntax...
[debug] [2018-08-19T22:01:07.529Z] >>> HTTP REQUEST PUT https://insta-tutors.firebaseio.com/.settings/rules.json?dryRun=true  
 {
  "rules": {
    ".read": "true",
    ".write": "true"
  }
} 
 Sun Aug 19 2018 15:01:07 GMT-0700 (PDT)
[debug] [2018-08-19T22:01:14.536Z] <<< HTTP RESPONSE 200
[info] ✔  database: rules syntax for database insta-tutors is valid
[info] i  hosting: preparing public directory for upload...
[debug] [2018-08-19T22:01:16.417Z] >>> HTTP REQUEST PUT https://deploy.firebase.com/v1/hosting/insta-tutors/uploads/-LKJCCNn1UkIsMCrmMyh?fileCount=68&message=  
  
 Sun Aug 19 2018 15:01:16 GMT-0700 (PDT)
[debug] [2018-08-19T22:07:48.391Z] ----------------------------------------------------------------------
[debug] [2018-08-19T22:07:48.395Z] Command:       /usr/local/bin/node /usr/local/bin/firebase deploy
[debug] [2018-08-19T22:07:48.396Z] CLI Version:   3.19.3
[debug] [2018-08-19T22:07:48.396Z] Platform:      darwin
[debug] [2018-08-19T22:07:48.396Z] Node Version:  v8.11.2
[debug] [2018-08-19T22:07:48.398Z] Time:          Sun Aug 19 2018 15:07:48 GMT-0700 (PDT)
[debug] [2018-08-19T22:07:48.399Z] ----------------------------------------------------------------------
[debug] 
[debug] [2018-08-19T22:07:48.433Z] > command requires scopes: ["email","openid","https://www.googleapis.com/auth/cloudplatformprojects.readonly","https://www.googleapis.com/auth/firebase","https://www.googleapis.com/auth/cloud-platform"]
[debug] [2018-08-19T22:07:48.434Z] > authorizing via signed-in user
[debug] [2018-08-19T22:07:48.437Z] >>> HTTP REQUEST GET https://admin.firebase.com/v1/projects/insta-tutors  
  
 Sun Aug 19 2018 15:07:48 GMT-0700 (PDT)
[debug] [2018-08-19T22:07:54.144Z] <<< HTTP RESPONSE 200
[debug] [2018-08-19T22:07:54.146Z] >>> HTTP REQUEST GET https://admin.firebase.com/v1/database/insta-tutors/tokens  
  
 Sun Aug 19 2018 15:07:54 GMT-0700 (PDT)
[debug] [2018-08-19T22:07:55.252Z] <<< HTTP RESPONSE 200
[info] 
[info] === Deploying to 'insta-tutors'...
[info] 
[info] i  deploying database, hosting
[info] i  database: checking rules syntax...
[debug] [2018-08-19T22:07:56.748Z] >>> HTTP REQUEST PUT https://insta-tutors.firebaseio.com/.settings/rules.json?dryRun=true  
 {
  "rules": {
    ".read": "true",
    ".write": "true"
  }
} 
 Sun Aug 19 2018 15:07:56 GMT-0700 (PDT)
[debug] [2018-08-19T22:08:05.911Z] <<< HTTP RESPONSE 200
[info] ✔  database: rules syntax for database insta-tutors is valid
[info] i  hosting: preparing public directory for upload...
[debug] [2018-08-19T22:08:06.719Z] >>> HTTP REQUEST PUT https://deploy.firebase.com/v1/hosting/insta-tutors/uploads/-LKJDlsQyK38hjaC1Faf?fileCount=68&message=  
  
 Sun Aug 19 2018 15:08:06 GMT-0700 (PDT)
[debug] [2018-08-19T22:10:22.299Z] Error: socket hang up
    at createHangUpError (_http_client.js:331:15)
    at TLSSocket.socketOnEnd (_http_client.js:423:23)
    at emitNone (events.js:111:20)
    at TLSSocket.emit (events.js:208:7)
    at endReadableNT (_stream_readable.js:1064:12)
    at _combinedTickCallback (internal/process/next_tick.js:138:11)
    at process._tickDomainCallback (internal/process/next_tick.js:218:9)
[error] 
[error] Error: Server Error. socket hang up
